<?xml version="1.0" encoding="UTF-8"?>
<testng-results skipped="0" failed="0" ignored="0" total="1" passed="1">
  <reporter-output>
    <line>
      <![CDATA[one]]>
    </line>
  </reporter-output>
  <suite name="Default suite" duration-ms="146" started-at="2018-10-06T08:50:15Z" finished-at="2018-10-06T08:50:15Z">
    <groups>
    </groups>
    <test name="Default test" duration-ms="146" started-at="2018-10-06T08:50:15Z" finished-at="2018-10-06T08:50:15Z">
      <class name="testcases.TC_01">
        <test-method status="PASS" signature="testa()[pri:0, instance:testcases.TC_01@30a3107a]" name="testa" duration-ms="31" started-at="2018-10-06T08:50:15Z" finished-at="2018-10-06T08:50:15Z">
          <reporter-output>
            <line>
              <![CDATA[one]]>
            </line>
          </reporter-output>
        </test-method> <!-- testa -->
      </class> <!-- testcases.TC_01 -->
    </test> <!-- Default test -->
  </suite> <!-- Default suite -->
</testng-results>
